2025-08-14T21:01:23: 
> drive-image-searcher@0.1.0 workers
> tsx scripts/start-workers.ts

2025-08-14T21:01:45: 2025-08-14T21:12:02: 
> drive-image-searcher@0.1.0 workers
> tsx scripts/start-workers.ts

2025-08-14T21:20:28: 2025-08-14T21:20:28: 
> drive-image-searcher@0.1.0 workers
> tsx scripts/start-workers.ts

2025-08-14T21:21:16: 2025-08-14T21:21:16: 
> drive-image-searcher@0.1.0 workers
> tsx scripts/start-workers.ts

2025-08-14T21:22:40: 2025-08-14T21:22:40: 2025-08-14T21:22:40: 
> drive-image-searcher@0.1.0 workers
> tsx scripts/start-workers.ts

2025-08-14T21:25:30: 2025-08-14T21:25:30: 
> drive-image-searcher@0.1.0 workers
> tsx scripts/start-workers.ts

2025-08-14T21:45:41: 2025-08-14T21:45:42: 
> drive-image-searcher@0.1.0 workers
> tsx scripts/start-workers.ts

2025-08-14T21:46:38: 2025-08-14T21:46:39: 
> drive-image-searcher@0.1.0 workers
> tsx scripts/start-workers.ts

