2025-08-14T21:01:23: 
> drive-image-searcher@0.1.0 workers
> tsx scripts/start-workers.ts

2025-08-14T21:01:45: 2025-08-14T21:01:45: 2025-08-14T21:01:45: 2025-08-14T21:12:02: 
> drive-image-searcher@0.1.0 workers
> tsx scripts/start-workers.ts

2025-08-14T21:20:28: 2025-08-14T21:20:28: 2025-08-14T21:20:28: 2025-08-14T21:20:28: 
> drive-image-searcher@0.1.0 workers
> tsx scripts/start-workers.ts

2025-08-14T21:21:16: 2025-08-14T21:21:16: 2025-08-14T21:21:16: 2025-08-14T21:21:16: 
> drive-image-searcher@0.1.0 workers
> tsx scripts/start-workers.ts

2025-08-14T21:22:40: 2025-08-14T21:22:40: 2025-08-14T21:22:40: 
> drive-image-searcher@0.1.0 workers
> tsx scripts/start-workers.ts

2025-08-14T21:25:30: 2025-08-14T21:25:30: 2025-08-14T21:25:30: 2025-08-14T21:25:30: 
> drive-image-searcher@0.1.0 workers
> tsx scripts/start-workers.ts

2025-08-14T21:45:41: 2025-08-14T21:45:41: 2025-08-14T21:45:41: 2025-08-14T21:45:42: 
> drive-image-searcher@0.1.0 workers
> tsx scripts/start-workers.ts

2025-08-14T21:46:38: 2025-08-14T21:46:38: 2025-08-14T21:46:38: 2025-08-14T21:46:39: 
> drive-image-searcher@0.1.0 workers
> tsx scripts/start-workers.ts

2025-08-14T22:33:37: 2025-08-14T22:33:37: 2025-08-14T22:33:37: 2025-08-14T22:33:37: 
> drive-image-searcher@0.1.0 workers
> tsx scripts/start-workers.ts

2025-08-14T22:43:59: 2025-08-14T22:43:59: 2025-08-14T22:43:59: 2025-08-14T22:43:59: 
> drive-image-searcher@0.1.0 workers
> tsx scripts/start-workers.ts

2025-08-14T23:27:23: 2025-08-14T23:27:23: 2025-08-14T23:27:23: 2025-08-14T23:27:23: 
> drive-image-searcher@0.1.0 workers
> tsx scripts/start-workers.ts

2025-08-14T23:30:58: 2025-08-14T23:30:58: 2025-08-14T23:30:58: 2025-08-14T23:30:58: 
> drive-image-searcher@0.1.0 workers
> tsx scripts/start-workers.ts

2025-08-15T10:55:21: 2025-08-15T10:55:21: 2025-08-15T10:55:21: 2025-08-15T10:55:21: 
> drive-image-searcher@0.1.0 workers
> tsx scripts/start-workers.ts

2025-08-15T11:10:52: 2025-08-15T11:10:52: 2025-08-15T11:10:52: 2025-08-15T11:10:52: 
> drive-image-searcher@0.1.0 workers
> tsx scripts/start-workers.ts

